#-----------------------------------------------------------
# Vivado v2018.3 (64-bit)
# SW Build 2405991 on Thu Dec  6 23:38:27 MST 2018
# IP Build 2404404 on Fri Dec  7 01:43:56 MST 2018
# Start of session at: Sat Dec 23 19:53:15 2023
# Process ID: 1544
# Current directory: C:/Users/danie/Desktop/Razvi/UTCN/Anul 1 sem 2/DSD 2/atm
# Command line: vivado.exe -gui_launcher_event rodinguilauncherevent14184 C:\Users\danie\Desktop\Razvi\UTCN\Anul 1 sem 2\DSD 2\atm\atm.xpr
# Log file: C:/Users/danie/Desktop/Razvi/UTCN/Anul 1 sem 2/DSD 2/atm/vivado.log
# Journal file: C:/Users/danie/Desktop/Razvi/UTCN/Anul 1 sem 2/DSD 2/atm\vivado.jou
#-----------------------------------------------------------
start_gui
open_project {C:/Users/danie/Desktop/Razvi/UTCN/Anul 1 sem 2/DSD 2/atm/atm.xpr}
INFO: [Project 1-313] Project file moved from 'C:/Users/danie/Desktop/DSD/atm' since last save.
Scanning sources...
Finished scanning sources
INFO: [IP_Flow 19-234] Refreshing IP repositories
INFO: [IP_Flow 19-1704] No user IP repositories specified
INFO: [IP_Flow 19-2313] Loaded Vivado IP repository 'C:/Xilinx/Vivado/2018.3/data/ip'.
update_compile_order -fileset sources_1
exit
INFO: [Common 17-206] Exiting Vivado at Sat Dec 23 21:16:31 2023...
